<?xml version="1.0" encoding="UTF-8"?>
<!-- Generated by org.testng.reporters.JUnitXMLReporter -->
<testsuite ignored="7" hostname="DESKTOP-V4VMHNU" failures="0" tests="3" name="Aggression" time="0.04" errors="0" timestamp="2024-05-16T20:29:36 CEST">
  <testcase classname="testng.day2" name="ploan" time="0.006"/>
  <testcase classname="testng.day4" name="MobileLoginHome" time="0.0"/>
  <testcase classname="testng.day3" name="MobileSignincarLoan" time="0.001"/>
  <testcase classname="testng.day1" name="SecondTest" time="0.0">
    <ignored/>
  </testcase> <!-- SecondTest -->
  <testcase classname="testng.day4" name="LogInAPIHomeLoan" time="0.0">
    <ignored/>
  </testcase> <!-- LogInAPIHomeLoan -->
  <testcase classname="testng.day1" name="Demo" time="0.0">
    <ignored/>
  </testcase> <!-- Demo -->
  <testcase classname="testng.day3" name="ApiCarLoan" time="0.0">
    <ignored/>
  </testcase> <!-- ApiCarLoan -->
  <testcase classname="testng.day3" name="WebloginCarLoan" time="0.0">
    <ignored/>
  </testcase> <!-- WebloginCarLoan -->
  <testcase classname="testng.day3" name="MobilSignOutloanCar" time="0.0">
    <ignored/>
  </testcase> <!-- MobilSignOutloanCar -->
  <testcase classname="testng.day4" name="WebLoginHome" time="0.0">
    <ignored/>
  </testcase> <!-- WebLoginHome -->
</testsuite> <!-- Aggression -->
