<?xml version="1.0" encoding="UTF-8"?>
<!-- Generated by org.testng.reporters.JUnitXMLReporter -->
<testsuite ignored="0" hostname="DESKTOP-V4VMHNU" failures="0" tests="3" name="Car Loan" time="0.004" errors="0" timestamp="2024-05-16T12:43:25 CEST">
  <testcase classname="testng.day3" name="LogInApiHomeLoan" time="0.0"/>
  <testcase classname="testng.day3" name="MobileloginHomeLoan" time="0.001"/>
  <testcase classname="testng.day3" name="WebloginHomeLoan" time="0.001"/>
</testsuite> <!-- Car Loan -->
