<?xml version="1.0" encoding="UTF-8"?>
<!-- Generated by org.testng.reporters.JUnitXMLReporter -->
<testsuite ignored="2" hostname="DESKTOP-V4VMHNU" failures="0" tests="4" name="carloan" time="0.033" errors="0" timestamp="2024-05-17T10:44:38 CEST">
  <testcase classname="testng.day3" name="MobilSignOutloanCar" time="0.003"/>
  <testcase classname="testng.day3" name="MobilSignOutloanCar" time="0.001"/>
  <testcase classname="testng.day3" name="MobilSignOutloanCar" time="0.001"/>
  <testcase classname="testng.day3" name="WebloginCarLoan" time="0.001"/>
  <testcase classname="testng.day3" name="MobileSignincarLoan" time="0.0">
    <ignored/>
  </testcase> <!-- MobileSignincarLoan -->
  <testcase classname="testng.day3" name="ApiCarLoan" time="0.0">
    <ignored/>
  </testcase> <!-- ApiCarLoan -->
</testsuite> <!-- carloan -->
