<?xml version="1.0" encoding="UTF-8"?>
<testng-results ignored="0" total="1" passed="1" failed="0" skipped="0">
  <reporter-output>
  </reporter-output>
  <suite started-at="2024-05-17T13:38:12 CEST" name="Default suite" finished-at="2024-05-17T13:38:12 CEST" duration-ms="42">
    <groups>
    </groups>
    <test started-at="2024-05-17T13:38:12 CEST" name="Default test" finished-at="2024-05-17T13:38:12 CEST" duration-ms="42">
      <class name="testng.PS1">
        <test-method signature="testRun()[pri:0, instance:testng.PS1@942a29c]" started-at="2024-05-17T13:38:12 CEST" name="testRun" finished-at="2024-05-17T13:38:12 CEST" duration-ms="7" status="PASS">
          <reporter-output>
          </reporter-output>
        </test-method> <!-- testRun -->
        <test-method is-config="true" signature="afterRun()[pri:0, instance:testng.PS1@942a29c]" started-at="2024-05-17T13:38:12 CEST" name="afterRun" finished-at="2024-05-17T13:38:12 CEST" duration-ms="1" status="PASS">
          <reporter-output>
          </reporter-output>
        </test-method> <!-- afterRun -->
      </class> <!-- testng.PS1 -->
    </test> <!-- Default test -->
  </suite> <!-- Default suite -->
</testng-results>
